  dll3main.cpp
  Test3.cpp
C:\Users\Jacob\Documents\GitHub\test_harness_new\Dll_THREE\Test3.cpp(30,19): warning C4273:  'OutOfRange': inconsistent dll linkage
C:\Users\Jacob\Documents\GitHub\test_harness_new\Dll_THREE\Test3.h(9,26): message :  see previous definition of 'OutOfRange'
C:\Users\Jacob\Documents\GitHub\test_harness_new\Dll_THREE\Test3.cpp(34,1): warning C4297:  'OutOfRange': function assumed not to throw an exception but does
  TestDriver3.cpp
  Generating Code...
C:\Users\Jacob\Documents\GitHub\test_harness_new\Dll_THREE\Test3.cpp(34,1): message :  __declspec(nothrow), throw(), noexcept(true), or noexcept was specified on the function
     Creating library C:\Users\Jacob\Documents\GitHub\test_harness_new\x64\Debug\Dll_THREE.lib and object C:\Users\Jacob\Documents\GitHub\test_harness_new\x64\Debug\Dll_THREE.exp
LINK : warning LNK4217: symbol 'OutOfRange' defined in 'Test3.obj' is imported by 'TestDriver3.obj' in function 'test'
MSVCRTD.lib(exe_main.obj) : error LNK2019: unresolved external symbol main referenced in function "int __cdecl invoke_main(void)" (?invoke_main@@YAHXZ)
C:\Users\Jacob\Documents\GitHub\test_harness_new\x64\Debug\Dll_THREE.exe : fatal error LNK1120: 1 unresolved externals
